{"level":"warn","message":{"URL":"/145","method":"GET"}}
{"level":"warn","message":{"URL":"/login/styles.css","method":"GET"}}
{"level":"warn","message":{"URL":"/login/styles.css","method":"GET"}}
{"level":"warn","message":{"URL":"/login/styles.css","method":"GET"}}
{"level":"warn","message":{"URL":"/login/styles.css","method":"GET"}}
{"level":"warn","message":{"URL":"/login/styles.css","method":"GET"}}
{"level":"warn","message":{"URL":"/aaa","method":"GET"}}
{"level":"warn","message":{"URL":"/randoms","method":"GET"}}
{"level":"warn","message":{"URL":"/api/styles.css","method":"GET"}}
{"level":"warn","message":{"URL":"/index.js","method":"GET"}}
{"level":"warn","message":{"URL":"/api/styles.css","method":"GET"}}
{"level":"warn","message":{"URL":"/index.js","method":"GET"}}
{"level":"warn","message":{"URL":"/favicon.ico","method":"GET"}}
{"level":"warn","message":{"URL":"/favicon.ico","method":"GET"}}
{"level":"warn","message":{"URL":"/signup/styles.css","method":"GET"}}
{"level":"warn","message":{"URL":"/signup/styles.css","method":"GET"}}
{"level":"warn","message":{"URL":"/signup/styles.css","method":"GET"}}
{"level":"warn","message":{"URL":"/signup/styles.css","method":"GET"}}
{"level":"warn","message":{"URL":"/register","method":"GET"}}
{"level":"warn","message":{"URL":"/register","method":"GET"}}
{"level":"warn","message":{"URL":"/undefined/auth/register","method":"GET"}}
{"level":"warn","message":{"URL":"/undefined/auth/register","method":"GET"}}
{"level":"warn","message":{"URL":"/undefined/auth/register","method":"GET"}}
{"level":"warn","message":{"URL":"/register","method":"GET"}}
{"level":"warn","message":{"URL":"/register","method":"GET"}}
{"level":"warn","message":{"URL":"/register","method":"GET"}}
{"level":"warn","message":{"URL":"/undefined","method":"GET"}}
{"level":"warn","message":{"URL":"/login","method":"POST"}}
{"level":"warn","message":{"URL":"/login","method":"POST"}}
{"level":"warn","message":{"URL":"/login","method":"POST"}}
{"level":"warn","message":{"URL":"/login","method":"POST"}}
{"level":"warn","message":{"URL":"/login","method":"POST"}}
{"level":"warn","message":{"URL":"/login","method":"POST"}}
{"level":"warn","message":{"URL":"/login","method":"POST"}}
{"level":"warn","message":{"URL":"/login","method":"POST"}}
{"level":"warn","message":{"URL":"/login","method":"POST"}}
{"level":"warn","message":{"URL":"/login","method":"POST"}}
{"level":"warn","message":{"URL":"/register","method":"GET"}}
{"level":"warn","message":{"URL":"/login","method":"GET"}}
{"level":"warn","message":{"URL":"/login","method":"GET"}}
{"level":"warn","message":{"URL":"/login","method":"GET"}}
{"level":"warn","message":{"URL":"/","method":"GET"}}
{"level":"warn","message":{"URL":"/login","method":"GET"}}
{"level":"warn","message":{"URL":"/login","method":"GET"}}
{"level":"warn","message":{"URL":"/login","method":"GET"}}
{"level":"warn","message":{"URL":"/login","method":"GET"}}
{"level":"warn","message":{"URL":"/login","method":"GET"}}
{"level":"warn","message":{"URL":"/login","method":"GET"}}
{"level":"warn","message":{"URL":"/login","method":"GET"}}
