{"level":"warn","message":{"URL":"/asdsadsa","method":"GET"}}
{"level":"warn","message":{"URL":"/asdsadsa","method":"GET"}}
{"level":"warn","message":{"URL":"/login/styles.css","method":"GET"}}
{"level":"warn","message":{"URL":"/login/styles.css","method":"GET"}}
{"level":"warn","message":{"URL":"/login/styles.css","method":"GET"}}
{"level":"warn","message":{"URL":"/public/styles.css","method":"GET"}}
{"level":"warn","message":{"URL":"/public/styles.css","method":"GET"}}
{"level":"warn","message":{"URL":"/login/styles.css","method":"GET"}}
{"level":"warn","message":{"URL":"/socket.io/socket.io.js","method":"GET"}}
{"level":"warn","message":{"URL":"/src/utils/passwordsFunctions.js","method":"GET"}}
{"level":"warn","message":{"URL":"/src/utils/passwordsFunctions.js","method":"GET"}}
{"level":"warn","message":{"URL":"/socket.io/socket.io.js","method":"GET"}}
{"level":"warn","message":{"URL":"/socket.io/socket.io.js","method":"GET"}}
{"level":"warn","message":{"URL":"/socket.io/socket.io.js","method":"GET"}}
{"level":"warn","message":{"URL":"/socket.io/socket.io.js","method":"GET"}}
{"level":"warn","message":{"URL":"/socket.io/socket.io.js","method":"GET"}}
{"level":"warn","message":{"URL":"/socket.io/socket.io.js","method":"GET"}}
{"level":"warn","message":{"URL":"/socket.io/socket.io.js","method":"GET"}}
{"level":"warn","message":{"URL":"/socket.io/socket.io.js","method":"GET"}}
{"level":"warn","message":{"URL":"/socket.io/socket.io.js","method":"GET"}}
{"level":"warn","message":{"URL":"/socket.io/socket.io.js","method":"GET"}}
{"level":"warn","message":{"URL":"/socket.io/socket.io.js","method":"GET"}}
{"level":"warn","message":{"URL":"/src/utils/validateEmail.js","method":"GET"}}
{"level":"warn","message":{"URL":"/src/utils/validateEmail.js","method":"GET"}}
{"level":"warn","message":{"URL":"/src/utils/validateEmail.js","method":"GET"}}
{"level":"warn","message":{"URL":"/src/utils/validateEmail.js","method":"GET"}}
{"level":"warn","message":{"URL":"/src/utils/validateEmail.js","method":"GET"}}
{"level":"warn","message":{"URL":"/src/utils/validateEmail.js","method":"GET"}}
{"level":"warn","message":{"URL":"/src/utils/validateEmail.js","method":"GET"}}
{"level":"warn","message":{"URL":"/src/utils/validateEmail.js","method":"GET"}}
{"level":"warn","message":{"URL":"/src/utils/validateEmail.js","method":"GET"}}
{"level":"warn","message":{"URL":"/public/src/utils/validateEmail.js","method":"GET"}}
{"level":"warn","message":{"URL":"/src/utils/validateEmail.js","method":"GET"}}
{"level":"warn","message":{"URL":"/src/utils/validateEmail.js","method":"GET"}}
{"level":"warn","message":{"URL":"/src/utils/validateEmail.js","method":"GET"}}
{"level":"warn","message":{"URL":"/styles.css","method":"GET"}}
{"level":"warn","message":{"URL":"/src/utils/validateEmail.js","method":"GET"}}
{"level":"warn","message":{"URL":"/styles.css","method":"GET"}}
{"level":"warn","message":{"URL":"/src/utils/validateEmail.js","method":"GET"}}
{"level":"warn","message":{"URL":"/styles.css","method":"GET"}}
{"level":"warn","message":{"URL":"/styles.css","method":"GET"}}
{"level":"warn","message":{"URL":"/src/utils/validateEmail.js","method":"GET"}}
{"level":"warn","message":{"URL":"/styles.css","method":"GET"}}
{"level":"warn","message":{"URL":"/src/utils/validateEmail.js","method":"GET"}}
{"level":"warn","message":{"URL":"/styles.css","method":"GET"}}
{"level":"warn","message":{"URL":"/src/utils/validateEmail.js","method":"GET"}}
{"level":"warn","message":{"URL":"/styles.css","method":"GET"}}
{"level":"warn","message":{"URL":"/src/utils/validateEmail.js","method":"GET"}}
{"level":"warn","message":{"URL":"/styles.css","method":"GET"}}
{"level":"warn","message":{"URL":"/validateEmail.js","method":"GET"}}
{"level":"warn","message":{"URL":"/styles.css","method":"GET"}}
{"level":"warn","message":{"URL":"/validateEmail.js","method":"GET"}}
{"level":"warn","message":{"URL":"/styles.css","method":"GET"}}
{"level":"warn","message":{"URL":"/validateEmail.js","method":"GET"}}
{"level":"warn","message":{"URL":"/perro","method":"GET"}}
{"level":"warn","message":{"URL":"/public/perro.jpg","method":"GET"}}
{"level":"warn","message":{"URL":"/favicon.ico","method":"GET"}}
{"level":"warn","message":{"URL":"/6af3de07-03a6-4220-8357-82dd051d580f.jpg","method":"GET"}}
{"level":"warn","message":{"URL":"/faillogin","method":"GET"}}
{"level":"warn","message":{"URL":"/faillogin","method":"GET"}}
{"level":"warn","message":{"URL":"/faillogin","method":"GET"}}
{"level":"warn","message":{"URL":"/faillogin","method":"GET"}}
{"level":"warn","message":{"URL":"/faillogin","method":"GET"}}
{"level":"warn","message":{"URL":"/faillogin","method":"GET"}}
{"level":"warn","message":{"URL":"/faillogin","method":"GET"}}
{"level":"warn","message":{"URL":"/url.com","method":"GET"}}
{"level":"warn","message":{"URL":"/url.com","method":"GET"}}
